<?xml version="1.0" encoding="UTF-8"?>
<testsuite xmlns:xsi="http://www.w3.org/2001/XMLSchema-instance" xsi:noNamespaceSchemaLocation="https://maven.apache.org/surefire/maven-surefire-plugin/xsd/surefire-test-report-3.0.xsd" version="3.0" name="ar.com.mp.demo.SpringAppFinalApplicationTests" time="4.7" tests="1" errors="0" skipped="0" failures="0">
  <properties>
[...]
</properties>
  <testcase name="contextLoads" classname="ar.com.mp.demo.SpringAppFinalApplicationTests" time="1.142">
    <system-out><![CDATA[17:31:28.711 [main] INFO org.springframework.test.context.support.AnnotationConfigContextLoaderUtils -- Could not detect default configuration classes for test class [ar.com.mp.demo.SpringAppFinalApplicationTests]: SpringAppFinalApplicationTests does not declare any static, non-private, non-final, nested classes annotated with @Configuration.
17:31:28.828 [main] INFO org.springframework.boot.test.context.SpringBootTestContextBootstrapper -- Found @SpringBootConfiguration ar.com.mp.demo.SpringAppFinalApplication for test class ar.com.mp.demo.SpringAppFinalApplicationTests

  .   ____          _            __ _ _
 /\\ / ___'_ __ _ _(_)_ __  __ _ \ \ \ \
( ( )\___ | '_ | '_| | '_ \/ _` | \ \ \ \
 \\/  ___)| |_)| | | | | || (_| |  ) ) ) )
  '  |____| .__|_| |_|_| |_\__, | / / / /
 =========|_|==============|___/=/_/_/_/
 :: Spring Boot ::                (v3.1.2)

2023-08-17T17:31:29.423-03:00  INFO 14532 --- [           main] a.c.m.d.SpringAppFinalApplicationTests   : Starting SpringAppFinalApplicationTests using Java 17.0.6 with PID 14532 (started by maxip in C:\Cursos\descargado1\demo)
2023-08-17T17:31:29.425-03:00  INFO 14532 --- [           main] a.c.m.d.SpringAppFinalApplicationTests   : No active profile set, falling back to 1 default profile: "default"
2023-08-17T17:31:30.618-03:00  INFO 14532 --- [           main] trationDelegate$BeanPostProcessorChecker : Bean 'org.springframework.ws.config.annotation.DelegatingWsConfiguration' of type [org.springframework.ws.config.annotation.DelegatingWsConfiguration$$SpringCGLIB$$0] is not eligible for getting processed by all BeanPostProcessors (for example: not eligible for auto-proxying)
2023-08-17T17:31:30.665-03:00  INFO 14532 --- [           main] .w.s.a.s.AnnotationActionEndpointMapping : Supporting [WS-Addressing August 2004, WS-Addressing 1.0]
2023-08-17T17:31:31.351-03:00  INFO 14532 --- [           main] o.s.b.a.w.s.WelcomePageHandlerMapping    : Adding welcome page template: index
2023-08-17T17:31:31.775-03:00  WARN 14532 --- [           main] .s.s.UserDetailsServiceAutoConfiguration : 

Using generated security password: ddc83213-0881-4172-a0ef-dc5fd068ed6f

This generated password is for development use only. Your security configuration must be updated before running your application in production.

2023-08-17T17:31:31.983-03:00  INFO 14532 --- [           main] o.s.s.web.DefaultSecurityFilterChain     : Will secure any request with [org.springframework.security.web.session.DisableEncodeUrlFilter@5ec6fede, org.springframework.security.web.context.request.async.WebAsyncManagerIntegrationFilter@580902cd, org.springframework.security.web.context.SecurityContextHolderFilter@209f3887, org.springframework.security.web.header.HeaderWriterFilter@339f3a55, org.springframework.security.web.csrf.CsrfFilter@14b528b6, org.springframework.security.web.authentication.logout.LogoutFilter@764fffa0, org.springframework.security.web.authentication.UsernamePasswordAuthenticationFilter@4ed18798, org.springframework.security.web.authentication.ui.DefaultLoginPageGeneratingFilter@784d9bc, org.springframework.security.web.authentication.ui.DefaultLogoutPageGeneratingFilter@3757e8e2, org.springframework.security.web.authentication.www.BasicAuthenticationFilter@527a8665, org.springframework.security.web.savedrequest.RequestCacheAwareFilter@3b35798, org.springframework.security.web.servletapi.SecurityContextHolderAwareRequestFilter@73bb1337, org.springframework.security.web.authentication.AnonymousAuthenticationFilter@1653b84e, org.springframework.security.web.access.ExceptionTranslationFilter@632383b9, org.springframework.security.web.access.intercept.AuthorizationFilter@14b275bd]
2023-08-17T17:31:32.083-03:00  INFO 14532 --- [           main] a.c.m.d.SpringAppFinalApplicationTests   : Started SpringAppFinalApplicationTests in 3.034 seconds (process running for 4.221)
]]></system-out>
  </testcase>
</testsuite>